[03:18:10] [main/INFO]: Setting user: Player156
[03:18:11] [Client thread/INFO]: LWJGL Version: 2.9.1
[03:18:15] [Client thread/INFO]: Reloading ResourceManager: Default, FMLFileResourcePack:Forge Mod Loader, FMLFileResourcePack:Minecraft Forge, FMLFileResourcePack:Core of the world
[03:18:16] [Sound Library Loader/INFO]: Sound engine started
[03:18:17] [Client thread/INFO]: Created: 512x256 textures/blocks-atlas
[03:18:17] [Client thread/INFO]: Created: 256x256 textures/items-atlas
[03:18:17] [Client thread/INFO]: Reloading ResourceManager: Default, FMLFileResourcePack:Forge Mod Loader, FMLFileResourcePack:Minecraft Forge, FMLFileResourcePack:Core of the world
[03:18:18] [Client thread/INFO]: Created: 512x256 textures/blocks-atlas
[03:18:18] [Client thread/INFO]: Created: 256x256 textures/items-atlas
[03:18:19] [Sound Library Loader/INFO]: Sound engine started
[03:18:22] [Server thread/INFO]: Starting integrated minecraft server version 1.7.10
[03:18:22] [Server thread/INFO]: Generating keypair
[03:18:23] [Server thread/INFO]: Preparing start region for level 0
[03:18:24] [Server thread/INFO]: Preparing spawn area: 67%
[03:18:24] [Server thread/INFO]: Changing view distance to 8, from 10
[03:18:25] [Server thread/INFO]: Player156[local:E:e6a48eb3] logged in with entity id 211 at (-260.853681879116, 65.0, -68.07928928025424)
[03:18:25] [Server thread/INFO]: Player156 joined the game
[03:18:29] [Server thread/INFO]: Player156 has just earned the achievement [Taking Inventory]
[03:18:29] [Client thread/INFO]: [CHAT] Player156 has just earned the achievement [Taking Inventory]
[03:18:34] [Server thread/INFO]: [Player156: Set the time to 0]
[03:18:34] [Client thread/INFO]: [CHAT] Set the time to 0
[03:18:53] [Server thread/INFO]: Saving and pausing game...
[03:18:53] [Server thread/INFO]: Saving chunks for level 'New World'/Overworld
[03:18:53] [Server thread/INFO]: Saving chunks for level 'New World'/Nether
[03:18:53] [Server thread/INFO]: Saving chunks for level 'New World'/The End
[03:18:53] [Server thread/INFO]: Stopping server
[03:18:53] [Server thread/INFO]: Saving players
[03:18:53] [Server thread/INFO]: Saving worlds
[03:18:53] [Server thread/INFO]: Saving chunks for level 'New World'/Overworld
[03:18:53] [Server thread/INFO]: Saving chunks for level 'New World'/Nether
[03:18:53] [Server thread/INFO]: Saving chunks for level 'New World'/The End
