[03:50:59] [main/INFO]: Setting user: Player390
[03:51:00] [Client thread/INFO]: LWJGL Version: 2.9.1
[03:51:04] [Client thread/INFO]: Reloading ResourceManager: Default, FMLFileResourcePack:Forge Mod Loader, FMLFileResourcePack:Minecraft Forge, FMLFileResourcePack:Core of the world
[03:51:05] [Sound Library Loader/INFO]: Sound engine started
[03:51:07] [Client thread/INFO]: Created: 512x256 textures/blocks-atlas
[03:51:07] [Client thread/INFO]: Created: 256x256 textures/items-atlas
[03:51:07] [Client thread/INFO]: Reloading ResourceManager: Default, FMLFileResourcePack:Forge Mod Loader, FMLFileResourcePack:Minecraft Forge, FMLFileResourcePack:Core of the world
[03:51:07] [Client thread/INFO]: Created: 512x256 textures/blocks-atlas
[03:51:07] [Client thread/INFO]: Created: 256x256 textures/items-atlas
[03:51:08] [Sound Library Loader/INFO]: Sound engine started
[03:51:14] [Server thread/INFO]: Starting integrated minecraft server version 1.7.10
[03:51:14] [Server thread/INFO]: Generating keypair
[03:51:15] [Server thread/INFO]: Preparing start region for level 0
[03:51:16] [Server thread/INFO]: Preparing spawn area: 62%
[03:51:17] [Server thread/INFO]: Changing view distance to 8, from 10
[03:51:17] [Server thread/INFO]: Player390[local:E:c9385dad] logged in with entity id 210 at (-250.3356450593017, 64.0, -71.94035717962966)
[03:51:17] [Server thread/INFO]: Player390 joined the game
[03:51:18] [Server thread/INFO]: Saving and pausing game...
[03:51:18] [Server thread/INFO]: Saving chunks for level 'New World'/Overworld
[03:51:18] [Server thread/INFO]: Saving chunks for level 'New World'/Nether
[03:51:18] [Server thread/INFO]: Saving chunks for level 'New World'/The End
[04:03:22] [Client thread/INFO]: Stopping!
[04:03:22] [Server thread/INFO]: Stopping server
[04:03:22] [Server thread/INFO]: Saving players
[04:03:22] [Server thread/INFO]: Saving worlds
[04:03:22] [Server thread/INFO]: Saving chunks for level 'New World'/Overworld
[04:03:22] [Server thread/INFO]: Saving chunks for level 'New World'/Nether
[04:03:22] [Server thread/INFO]: Saving chunks for level 'New World'/The End
